<?xml version="1.0" encoding="UTF-8"?>
<!-- Generated by org.testng.reporters.JUnitReportReporter -->
<testsuite hostname="MSDT011" failures="0" tests="1" name="SeleniumGrid.TestTwo" time="18.090" errors="0" timestamp="2022-03-15T19:05:39 IST" skipped="0">
  <testcase classname="SeleniumGrid.TestTwo" name="testTwo" time="18.090"/>
  <system-out/>
</testsuite> <!-- SeleniumGrid.TestTwo -->
